<?xml version="1.0" encoding="UTF-8"?>
<!-- Generated by org.testng.reporters.JUnitXMLReporter -->
<testsuite ignored="0" hostname="WMIN26" failures="0" tests="5" name="HomePageTest" time="22.818" errors="0" timestamp="2023-02-02T08:57:32 IST">
  <testcase classname="dd.Insure.Tests.HomePageTest" name="urlNavigation" time="0.154"/>
  <testcase classname="dd.Insure.Tests.HomePageTest" name="Logo" time="0.215"/>
  <testcase classname="dd.Insure.Tests.HomePageTest" name="WelcomeMessage" time="6.131"/>
  <testcase classname="dd.Insure.Tests.HomePageTest" name="NeedHelpLink" time="0.456"/>
  <testcase classname="dd.Insure.Tests.HomePageTest" name="NeedHelpDialog" time="0.405"/>
</testsuite> <!-- HomePageTest -->
