<?xml version="1.0" encoding="UTF-8"?>
<!-- Generated by org.testng.reporters.JUnitXMLReporter -->
<testsuite ignored="0" hostname="WMIN26" failures="1" tests="1" name="LawsuitsPagesTest" time="80.625" errors="0" timestamp="2023-02-18T14:59:48 IST">
  <testcase classname="dd.fleetstudio.Tests.LawsuitsPagesTest" name="Lawsuits" time="59.769">
    <failure type="java.lang.AssertionError" message="expected [BRAULIO THORNE v. 11 TRADING COMPANY LLC&amp;lt;Changed to fail the assertion&amp;gt;] but found [BRAULIO THORNE v. 11 TRADING COMPANY LLC]">
      <![CDATA[java.lang.AssertionError: expected [BRAULIO THORNE v. 11 TRADING COMPANY LLC<Changed to fail the assertion>] but found [BRAULIO THORNE v. 11 TRADING COMPANY LLC]
at dd.fleetstudio.Tests.LawsuitsPagesTest.Lawsuits(LawsuitsPagesTest.java:26)
at java.base/java.util.ArrayList.forEach(ArrayList.java:1511)
... Removed 31 stack frames]]>
    </failure>
  </testcase> <!-- Lawsuits -->
</testsuite> <!-- LawsuitsPagesTest -->
