<?xml version="1.0" encoding="UTF-8"?>
<!-- Generated by org.testng.reporters.JUnitXMLReporter -->
<testsuite ignored="0" hostname="WMIN26" failures="0" tests="7" name="NextButtonTest" time="35.339" errors="0" timestamp="2023-02-02T08:58:10 IST">
  <testcase classname="dd.Insure.Tests.NextButtonTest" name="GetStartedButtonCheck" time="10.781"/>
  <testcase classname="dd.Insure.Tests.NextButtonTest" name="ApplicantTypePage" time="3.899"/>
  <testcase classname="dd.Insure.Tests.NextButtonTest" name="ProductSelect" time="4.276"/>
  <testcase classname="dd.Insure.Tests.NextButtonTest" name="NameInfoValidation" time="3.13"/>
  <testcase classname="dd.Insure.Tests.NextButtonTest" name="NameInfoValidation" time="0.124"/>
  <testcase classname="dd.Insure.Tests.NextButtonTest" name="EmailIdValidation" time="3.181"/>
  <testcase classname="dd.Insure.Tests.NextButtonTest" name="EmailIdValidation" time="0.2"/>
</testsuite> <!-- NextButtonTest -->
