<?xml version="1.0" encoding="UTF-8"?>
<testng-results ignored="0" total="1" passed="1" failed="0" skipped="0">
  <reporter-output>
  </reporter-output>
  <suite started-at="2023-02-17T15:20:44 IST" name="Default suite" finished-at="2023-02-17T15:21:32 IST" duration-ms="48479">
    <groups>
    </groups>
    <test started-at="2023-02-17T15:20:44 IST" name="Default test" finished-at="2023-02-17T15:21:32 IST" duration-ms="48479">
      <class name="dd.fleetstudio.Tests.LawsuitsPagesTest">
        <test-method is-config="true" signature="launchApplication()[pri:0, instance:dd.fleetstudio.Tests.LawsuitsPagesTest@1fa268de]" started-at="2023-02-17T15:20:44 IST" name="launchApplication" finished-at="2023-02-17T15:21:08 IST" duration-ms="24790" status="PASS">
          <reporter-output>
          </reporter-output>
        </test-method> <!-- launchApplication -->
        <test-method signature="Lawsuits()[pri:1, instance:dd.fleetstudio.Tests.LawsuitsPagesTest@1fa268de]" started-at="2023-02-17T15:21:08 IST" name="Lawsuits" finished-at="2023-02-17T15:21:32 IST" duration-ms="23481" status="PASS">
          <reporter-output>
          </reporter-output>
        </test-method> <!-- Lawsuits -->
      </class> <!-- dd.fleetstudio.Tests.LawsuitsPagesTest -->
    </test> <!-- Default test -->
  </suite> <!-- Default suite -->
</testng-results>
